********************************************************************************
DUPLICATOR-LITE PACKAGE-LOG: 14.06.2018 10:56
NOTICE: Do NOT post to public sites or forums 
********************************************************************************
VERSION:	1.2.40
WORDPRESS:	4.9.6
PHP INFO:	5.6.30 | SAPI: apache2handler
SERVER:		Apache/2.4.7 
PHP TIME LIMIT: (0) no time limit imposed 
PHP MAX MEMORY: Unabled to set php memory_limit 
MEMORY STACK: 37MB 

********************************************************************************
DATABASE:
********************************************************************************
BUILD MODE:   MYSQLDUMP
MYSQLTIMEOUT: 5000
MYSQLDUMP:    Is Supported 
FILTERED: [] 
RESPONSE: Ran from /usr/bin/mysqldump 
TABLES: total:13 | filtered:0 | create:13 
SQL CREATED: 20180614_carbogatto_7a4dd036f7a5cc377155180614105643_database.sql 
SQL FILE SIZE: 424.36KB (434543) 
SQL FILE TIME: 2018-06-14 10:56:49 
SQL RUNTIME: 0.06 sec. 

******************************************************************************** 
ARCHIVE (ZIP): 
******************************************************************************** 
ARCHIVE DIR:  /home/c/cn65190/wordpress_5/public_html 
ARCHIVE FILE: 20180614_carbogatto_7a4dd036f7a5cc377155180614105643_archive.zip 
FILTERS: *OFF* 
DIRS:
	not set 
FILES:
	not set 
EXTS:  not set 
---------------------------------------- 
COMPRESSING 
SIZE:	53.72MB 
STATS:	Dirs 223 | Files 2,078 
SQL ADDED: 20180614_carbogatto_7a4dd036f7a5cc377155180614105643_database.sql 
ZipArchive Object
(
    [status] => 0
    [statusSys] => 0
    [numFiles] => 2301
    [filename] => /home/c/cn65190/wordpress_5/public_html/wp-snapshots/tmp/20180614_carbogatto_7a4dd036f7a5cc377155180614105643_archive.zip
    [comment] => 
)
 
COMPRESSION RESULT: '1' 
COMPRESSED SIZE: 30.64MB 
ARCHIVE RUNTIME: 3.05 sec. 
MEMORY STACK: 38MB 

******************************************************************************** 
MAKE INSTALLER: 
******************************************************************************** 
Build Start 
Build Finished 
Preping for use 
PACK SIZE:  
Template parsed with new data 
Complete [/home/c/cn65190/wordpress_5/public_html/wp-snapshots/tmp/20180614_carbogatto_7a4dd036f7a5cc377155180614105643_installer.php] 
Added to archive 

******************************************************************************** 
INTEGRITY CHECKS: 
******************************************************************************** 
SQL File: 424.36KB 
Installer File: 445.9KB 
Archive File: 30.64MB  

********************************************************************************
RECORD ID:[1]
TOTAL PROCESS RUNTIME: 3.42 sec.
PEAK PHP MEMORY USED: 40.5MB
DONE PROCESSING => 20180614_carbogatto 14.06.2018 10:56
 
