********************************************************************************
DUPLICATOR-LITE PACKAGE-LOG: 15.06.2018 11:15
NOTICE: Do NOT post to public sites or forums 
********************************************************************************
VERSION:	1.2.40
WORDPRESS:	4.9.6
PHP INFO:	5.6.30 | SAPI: apache2handler
SERVER:		Apache/2.4.7 
PHP TIME LIMIT: (0) no time limit imposed 
PHP MAX MEMORY: Unabled to set php memory_limit 
MEMORY STACK: 40.25MB 

********************************************************************************
DATABASE:
********************************************************************************
BUILD MODE:   MYSQLDUMP
MYSQLTIMEOUT: 5000
MYSQLDUMP:    Is Supported 
FILTERED: [] 
RESPONSE: Ran from /usr/bin/mysqldump 
TABLES: total:13 | filtered:0 | create:13 
SQL CREATED: 20180614_carbogatto_406db2297f6dfbe59896180615111517_database.sql 
SQL FILE SIZE: 443.03KB (453665) 
SQL FILE TIME: 2018-06-15 11:15:25 
SQL RUNTIME: 0.06 sec. 

******************************************************************************** 
ARCHIVE (ZIP): 
******************************************************************************** 
ARCHIVE DIR:  /home/c/cn65190/wordpress_5/public_html 
ARCHIVE FILE: 20180614_carbogatto_406db2297f6dfbe59896180615111517_archive.zip 
FILTERS: *OFF* 
DIRS:
	not set 
FILES:
	not set 
EXTS:  not set 
---------------------------------------- 
COMPRESSING 
SIZE:	60.19MB 
STATS:	Dirs 254 | Files 2,322 
SQL ADDED: 20180614_carbogatto_406db2297f6dfbe59896180615111517_database.sql 
ZipArchive Object
(
    [status] => 0
    [statusSys] => 0
    [numFiles] => 2576
    [filename] => /home/c/cn65190/wordpress_5/public_html/wp-snapshots/tmp/20180614_carbogatto_406db2297f6dfbe59896180615111517_archive.zip
    [comment] => 
)
 
COMPRESSION RESULT: '1' 
COMPRESSED SIZE: 32.44MB 
ARCHIVE RUNTIME: 3.61 sec. 
MEMORY STACK: 41.25MB 

******************************************************************************** 
MAKE INSTALLER: 
******************************************************************************** 
Build Start 
Build Finished 
Preping for use 
PACK SIZE:  
Template parsed with new data 
Complete [/home/c/cn65190/wordpress_5/public_html/wp-snapshots/tmp/20180614_carbogatto_406db2297f6dfbe59896180615111517_installer.php] 
Added to archive 

******************************************************************************** 
INTEGRITY CHECKS: 
******************************************************************************** 
SQL File: 443.03KB 
Installer File: 445.9KB 
Archive File: 32.44MB  

********************************************************************************
RECORD ID:[2]
TOTAL PROCESS RUNTIME: 4.08 sec.
PEAK PHP MEMORY USED: 43.75MB
DONE PROCESSING => 20180614_carbogatto 15.06.2018 11:15
 
